/home/deployer/.rbenv/versions/2.2.0/bin/ruby -r ./siteconf20150812-12294-ttoe7w.rb extconf.rb
checking for main() in -lpthread... yes
creating Makefile

make "DESTDIR=" clean

make "DESTDIR="
compiling accessor.cc
compiling message.cc
compiling external.cc
compiling date.cc
compiling array.cc
compiling handles.cc
compiling constraints.cc
compiling template.cc
compiling init.cc
compiling function.cc
compiling signature.cc
compiling backref.cc
compiling exception.cc
compiling primitive.cc
compiling locker.cc
compiling stack.cc
compiling constants.cc
compiling trycatch.cc
compiling v8.cc
compiling heap.cc
compiling object.cc
compiling value.cc
compiling invocation.cc
compiling rr.cc
compiling script.cc
compiling gc.cc
compiling string.cc
compiling context.cc
linking shared-object v8/init.so

make "DESTDIR=" install
/usr/bin/install -c -m 0755 init.so ./.gem.20150812-12294-19ynu4p/v8
